[debug] [2022-08-20T20:00:32.719Z] ----------------------------------------------------------------------
[debug] [2022-08-20T20:00:32.721Z] Command:       C:\Program Files\nodejs\node.exe C:\Users\user\AppData\Roaming\npm\node_modules\firebase-tools\lib\bin\firebase.js init
[debug] [2022-08-20T20:00:32.721Z] CLI Version:   11.7.0
[debug] [2022-08-20T20:00:32.721Z] Platform:      win32
[debug] [2022-08-20T20:00:32.721Z] Node Version:  v16.15.0
[debug] [2022-08-20T20:00:32.722Z] Time:          Sat Aug 20 2022 23:00:32 GMT+0300 (Eastern European Summer Time)
[debug] [2022-08-20T20:00:32.722Z] ----------------------------------------------------------------------
[debug] 
[debug] [2022-08-20T20:00:32.728Z] > command requires scopes: ["email","openid","https://www.googleapis.com/auth/cloudplatformprojects.readonly","https://www.googleapis.com/auth/firebase","https://www.googleapis.com/auth/cloud-platform"]
[debug] [2022-08-20T20:00:32.728Z] > authorizing via signed-in user (denisstoykow@gmail.com)
[info] 
     ######## #### ########  ######## ########     ###     ######  ########
     ##        ##  ##     ## ##       ##     ##  ##   ##  ##       ##
     ######    ##  ########  ######   ########  #########  ######  ######
     ##        ##  ##    ##  ##       ##     ## ##     ##       ## ##
     ##       #### ##     ## ######## ########  ##     ##  ######  ########

You're about to initialize a Firebase project in this directory:

  D:\Softuni\React Project\React-Project\client

[info] 
=== Project Setup
[info] 
[info] First, let's associate this project directory with a Firebase project.
[info] You can create multiple project aliases by running firebase use --add, 
[info] but for now we'll just set up a default project.
[info] 
[debug] [2022-08-20T20:02:34.794Z] >>> [apiv2][query] GET https://firebase.googleapis.com/v1beta1/projects pageSize=100
[debug] [2022-08-20T20:02:35.266Z] <<< [apiv2][status] GET https://firebase.googleapis.com/v1beta1/projects 200
[debug] [2022-08-20T20:02:35.266Z] <<< [apiv2][body] GET https://firebase.googleapis.com/v1beta1/projects [omitted]
[info] i  Using project crypto-dictionary (Crypto Dictionary) 
[info] 
=== Hosting Setup
[info] 
[info] Your public directory is the folder (relative to your project directory) that
[info] will contain Hosting assets to be uploaded with firebase deploy. If you
[info] have a build process for your assets, use your build's output directory.
[info] 
